<?xml version="1.0" encoding="UTF-8"?>
<testng-results ignored="0" total="2" passed="2" failed="0" skipped="0">
  <reporter-output>
  </reporter-output>
  <suite started-at="2025-01-24T17:24:21 WIB" name="Surefire suite" finished-at="2025-01-24T17:24:37 WIB" duration-ms="15411">
    <groups>
    </groups>
    <test started-at="2025-01-24T17:24:21 WIB" name="Surefire test" finished-at="2025-01-24T17:24:37 WIB" duration-ms="15411">
      <class name="com.bootcamp.tests.CheckoutTest">
        <test-method is-config="true" signature="setup()[pri:0, instance:com.bootcamp.tests.CheckoutTest@ef9296d]" started-at="2025-01-24T17:24:21 WIB" name="setup" finished-at="2025-01-24T17:24:31 WIB" duration-ms="9953" status="PASS">
          <reporter-output>
          </reporter-output>
        </test-method> <!-- setup -->
        <test-method signature="testCheckout()[pri:0, instance:com.bootcamp.tests.CheckoutTest@ef9296d]" started-at="2025-01-24T17:24:31 WIB" name="testCheckout" finished-at="2025-01-24T17:24:35 WIB" duration-ms="3536" status="PASS">
          <reporter-output>
          </reporter-output>
        </test-method> <!-- testCheckout -->
        <test-method is-config="true" signature="tearDown()[pri:0, instance:com.bootcamp.tests.CheckoutTest@ef9296d]" started-at="2025-01-24T17:24:35 WIB" name="tearDown" finished-at="2025-01-24T17:24:37 WIB" duration-ms="1715" status="PASS">
          <reporter-output>
          </reporter-output>
        </test-method> <!-- tearDown -->
      </class> <!-- com.bootcamp.tests.CheckoutTest -->
      <class name="com.bootcamp.AppTest">
        <test-method signature="testApp()[pri:0, instance:com.bootcamp.AppTest@2bbf180e]" started-at="2025-01-24T17:24:31 WIB" name="testApp" finished-at="2025-01-24T17:24:31 WIB" duration-ms="11" status="PASS">
          <reporter-output>
          </reporter-output>
        </test-method> <!-- testApp -->
      </class> <!-- com.bootcamp.AppTest -->
    </test> <!-- Surefire test -->
  </suite> <!-- Surefire suite -->
</testng-results>
